<?xml version="1.0" encoding="UTF-8"?>
<!-- Generated by org.testng.reporters.JUnitReportReporter -->
<testsuite skipped="0" hostname="SHALINI" name="com.dell.Testscenario.JDW.Test1" tests="1" failures="0" timestamp="15 Sep 2017 00:47:51 GMT" time="63.170" errors="0">
  <testcase name="addProductToBag" time="63.170" classname="com.dell.Testscenario.JDW.Test1"/>
</testsuite> <!-- com.dell.Testscenario.JDW.Test1 -->
