<?xml version="1.0" encoding="UTF-8"?>
<!-- Generated by org.testng.reporters.JUnitReportReporter -->
<testsuite skipped="0" hostname="TSLC0871" name="tests.NewTest" tests="1" failures="0" timestamp="04 May 2018 12:19:25 GMT" time="0.089" errors="0">
  <testcase name="launchBrowserTest" time="0.089" classname="tests.NewTest"/>
</testsuite> <!-- tests.NewTest -->
